16:51:48	POST Reservas
16:51:48	query addReserva
17:31:3	POST Reservas
17:34:19	POST Reservas
17:34:19	query addReserva
17:35:5	POST Reservas
17:35:5	query addReserva
17:37:5	POST Reservas
17:37:5	query addReserva
18:9:19	POST Reservas
18:10:52	POST Reservas
18:10:52	[object Object]
18:16:7	POST Reservas
18:16:7	[object Object]
18:22:14	POST Reservas
18:29:3	POST Reservas
18:31:52	POST Reservas
18:32:28	POST Reservas
18:32:28	query addReserva
18:41:5	POST Reservas
18:41:5	query addReserva
18:41:5	Reserva guardada
18:41:25	POST Reservas
18:41:25	query addReserva
18:41:25	ErrorError: ER_DUP_ENTRY: Duplicate entry '37' for key 'PRIMARY'
19:12:53	POST Reservas
19:12:53	query addReserva
19:12:53	ErrorError: ER_NO_SUCH_TABLE: Table 'gomaonis_maonibd.Reservas' doesn't exist
19:16:57	POST Reservas
19:16:58	query addReserva
19:16:58	Reserva guardada
19:24:19	POST Reservas
19:24:20	query addReserva
19:24:20	Reserva guardada
