0:1:43	POST UsuarioValido
0:2:23	USUARIO CONSULTAODO
0:3:46	POST UsuarioValido
0:4:17	USUARIO CONSULTAODO
0:4:32	POST UsuarioValido
0:5:52	USUARIO CONSULTAODO
0:6:50	POST UsuarioValido
0:6:51	USUARIO CONSULTAODO
0:8:8	POST UsuarioValido
0:9:11	POST UsuarioValido
21:6:55	POST UsuarioValido
21:9:33	POST UsuarioValido
21:10:18	POST UsuarioValido
21:11:50	POST UsuarioValido
21:12:53	POST UsuarioValido
21:25:26	POST UsuarioValido
21:27:0	POST Reservas
21:27:1	query addReserva
21:27:1	Reserva guardada
21:29:41	POST UsuarioValido
21:39:37	POST UsuarioValido
21:39:38	Consulta ejecutada
21:41:17	POST UsuarioValido
21:43:8	POST UsuarioValido
21:44:15	POST UsuarioValido
21:45:3	POST UsuarioValido
21:45:55	POST UsuarioValido
21:47:6	POST UsuarioValido
21:52:14	POST UsuarioValido
21:52:48	POST UsuarioValido
22:19:30	GET UsuarioValido
23:52:26	GET Hoteles By Usuario
